<?xml version="1.0" encoding="UTF-8"?>
<testng-results skipped="0" failed="0" total="1" passed="1">
  <reporter-output>
  </reporter-output>
  <suite name="Default suite" duration-ms="22313" started-at="2015-09-11T15:10:35Z" finished-at="2015-09-11T15:10:57Z">
    <groups>
    </groups>
    <test name="Default test" duration-ms="22313" started-at="2015-09-11T15:10:35Z" finished-at="2015-09-11T15:10:57Z">
      <class name="com.tests.androidEmulatorTests.GitHubAndroidTest">
        <test-method status="PASS" signature="verifyHomeTest()[pri:0, instance:com.tests.androidEmulatorTests.GitHubAndroidTest@5d3c19e3]" name="verifyHomeTest" duration-ms="21819" started-at="2015-09-11T20:40:35Z" finished-at="2015-09-11T20:40:57Z">
          <reporter-output>
          </reporter-output>
        </test-method> <!-- verifyHomeTest -->
        <test-method status="PASS" signature="tearDown()[pri:0, instance:com.tests.androidEmulatorTests.GitHubAndroidTest@5d3c19e3]" name="tearDown" is-config="true" duration-ms="478" started-at="2015-09-11T20:40:57Z" finished-at="2015-09-11T20:40:57Z">
          <reporter-output>
          </reporter-output>
        </test-method> <!-- tearDown -->
      </class> <!-- com.tests.androidEmulatorTests.GitHubAndroidTest -->
    </test> <!-- Default test -->
  </suite> <!-- Default suite -->
</testng-results>
